2022-01-03 12:07:39.288  INFO 26656 --- [main] n.j.s.SpringbootBackendApplicationTests  : Starting SpringbootBackendApplicationTests using Java 11.0.11 on terminal-HP-15-Notebook-PC with PID 26656 (started by terminal in /home/terminal/dev-room/projects/spring-boot/angular-springboot-crud-example/springboot-backend)
2022-01-03 12:07:39.326  INFO 26656 --- [main] n.j.s.SpringbootBackendApplicationTests  : No active profile set, falling back to default profiles: default
2022-01-03 12:07:40.419  INFO 26656 --- [main] .s.d.r.c.RepositoryConfigurationDelegate : Bootstrapping Spring Data JPA repositories in DEFAULT mode.
2022-01-03 12:07:40.506  INFO 26656 --- [main] .s.d.r.c.RepositoryConfigurationDelegate : Finished Spring Data repository scanning in 72 ms. Found 1 JPA repository interfaces.
2022-01-03 12:07:41.363  INFO 26656 --- [main] o.hibernate.jpa.internal.util.LogHelper  : HHH000204: Processing PersistenceUnitInfo [name: default]
2022-01-03 12:07:41.460  INFO 26656 --- [main] org.hibernate.Version                    : HHH000412: Hibernate ORM core version 5.4.32.Final
2022-01-03 12:07:41.657  INFO 26656 --- [main] o.hibernate.annotations.common.Version   : HCANN000001: Hibernate Commons Annotations {5.1.2.Final}
2022-01-03 12:07:41.781  INFO 26656 --- [main] com.zaxxer.hikari.HikariDataSource       : HikariPool-1 - Starting...
2022-01-03 12:07:42.082  INFO 26656 --- [main] com.zaxxer.hikari.HikariDataSource       : HikariPool-1 - Start completed.
2022-01-03 12:07:42.104  INFO 26656 --- [main] org.hibernate.dialect.Dialect            : HHH000400: Using dialect: org.hibernate.dialect.MySQL5InnoDBDialect
2022-01-03 12:07:42.863  INFO 26656 --- [main] o.h.e.t.j.p.i.JtaPlatformInitiator       : HHH000490: Using JtaPlatform implementation: [org.hibernate.engine.transaction.jta.platform.internal.NoJtaPlatform]
2022-01-03 12:07:42.877  INFO 26656 --- [main] j.LocalContainerEntityManagerFactoryBean : Initialized JPA EntityManagerFactory for persistence unit 'default'
2022-01-03 12:07:43.628  WARN 26656 --- [main] JpaBaseConfiguration$JpaWebConfiguration : spring.jpa.open-in-view is enabled by default. Therefore, database queries may be performed during view rendering. Explicitly configure spring.jpa.open-in-view to disable this warning
2022-01-03 12:07:44.542  INFO 26656 --- [main] n.j.s.SpringbootBackendApplicationTests  : Started SpringbootBackendApplicationTests in 5.697 seconds (JVM running for 7.019)
2022-01-03 12:07:44.799  INFO 26656 --- [SpringApplicationShutdownHook] j.LocalContainerEntityManagerFactoryBean : Closing JPA EntityManagerFactory for persistence unit 'default'
2022-01-03 12:07:44.804  INFO 26656 --- [SpringApplicationShutdownHook] com.zaxxer.hikari.HikariDataSource       : HikariPool-1 - Shutdown initiated...
2022-01-03 12:07:44.843  INFO 26656 --- [SpringApplicationShutdownHook] com.zaxxer.hikari.HikariDataSource       : HikariPool-1 - Shutdown completed.
2022-01-03 12:13:00.305  INFO 27844 --- [restartedMain] n.j.s.SpringbootBackendApplication       : Starting SpringbootBackendApplication using Java 11.0.11 on terminal-HP-15-Notebook-PC with PID 27844 (/home/terminal/dev-room/projects/spring-boot/angular-springboot-crud-example/springboot-backend/target/classes started by terminal in /home/terminal/dev-room/projects/spring-boot/angular-springboot-crud-example/springboot-backend)
2022-01-03 12:13:00.308  INFO 27844 --- [restartedMain] n.j.s.SpringbootBackendApplication       : No active profile set, falling back to default profiles: default
2022-01-03 12:13:00.364  INFO 27844 --- [restartedMain] .e.DevToolsPropertyDefaultsPostProcessor : Devtools property defaults active! Set 'spring.devtools.add-properties' to 'false' to disable
2022-01-03 12:13:00.364  INFO 27844 --- [restartedMain] .e.DevToolsPropertyDefaultsPostProcessor : For additional web related logging consider setting the 'logging.level.web' property to 'DEBUG'
2022-01-03 12:13:00.907  INFO 27844 --- [restartedMain] .s.d.r.c.RepositoryConfigurationDelegate : Bootstrapping Spring Data JPA repositories in DEFAULT mode.
2022-01-03 12:13:00.951  INFO 27844 --- [restartedMain] .s.d.r.c.RepositoryConfigurationDelegate : Finished Spring Data repository scanning in 37 ms. Found 1 JPA repository interfaces.
2022-01-03 12:13:01.423  INFO 27844 --- [restartedMain] o.s.b.w.embedded.tomcat.TomcatWebServer  : Tomcat initialized with port(s): 8080 (http)
2022-01-03 12:13:01.432  INFO 27844 --- [restartedMain] o.apache.catalina.core.StandardService   : Starting service [Tomcat]
2022-01-03 12:13:01.433  INFO 27844 --- [restartedMain] org.apache.catalina.core.StandardEngine  : Starting Servlet engine: [Apache Tomcat/9.0.50]
2022-01-03 12:13:01.493  INFO 27844 --- [restartedMain] o.a.c.c.C.[Tomcat].[localhost].[/]       : Initializing Spring embedded WebApplicationContext
2022-01-03 12:13:01.493  INFO 27844 --- [restartedMain] w.s.c.ServletWebServerApplicationContext : Root WebApplicationContext: initialization completed in 1128 ms
2022-01-03 12:13:01.635  INFO 27844 --- [restartedMain] o.hibernate.jpa.internal.util.LogHelper  : HHH000204: Processing PersistenceUnitInfo [name: default]
2022-01-03 12:13:01.663  INFO 27844 --- [restartedMain] org.hibernate.Version                    : HHH000412: Hibernate ORM core version 5.4.32.Final
2022-01-03 12:13:01.738  INFO 27844 --- [restartedMain] o.hibernate.annotations.common.Version   : HCANN000001: Hibernate Commons Annotations {5.1.2.Final}
2022-01-03 12:13:01.800  INFO 27844 --- [restartedMain] com.zaxxer.hikari.HikariDataSource       : HikariPool-1 - Starting...
2022-01-03 12:13:01.902  INFO 27844 --- [restartedMain] com.zaxxer.hikari.HikariDataSource       : HikariPool-1 - Start completed.
2022-01-03 12:13:01.909  INFO 27844 --- [restartedMain] org.hibernate.dialect.Dialect            : HHH000400: Using dialect: org.hibernate.dialect.MySQL5InnoDBDialect
2022-01-03 12:13:02.277  INFO 27844 --- [restartedMain] o.h.e.t.j.p.i.JtaPlatformInitiator       : HHH000490: Using JtaPlatform implementation: [org.hibernate.engine.transaction.jta.platform.internal.NoJtaPlatform]
2022-01-03 12:13:02.283  INFO 27844 --- [restartedMain] j.LocalContainerEntityManagerFactoryBean : Initialized JPA EntityManagerFactory for persistence unit 'default'
2022-01-03 12:13:02.489  WARN 27844 --- [restartedMain] JpaBaseConfiguration$JpaWebConfiguration : spring.jpa.open-in-view is enabled by default. Therefore, database queries may be performed during view rendering. Explicitly configure spring.jpa.open-in-view to disable this warning
2022-01-03 12:13:02.732  INFO 27844 --- [restartedMain] o.s.b.d.a.OptionalLiveReloadServer       : LiveReload server is running on port 35729
2022-01-03 12:13:02.759  INFO 27844 --- [restartedMain] o.s.b.w.embedded.tomcat.TomcatWebServer  : Tomcat started on port(s): 8080 (http) with context path ''
2022-01-03 12:13:02.769  INFO 27844 --- [restartedMain] n.j.s.SpringbootBackendApplication       : Started SpringbootBackendApplication in 2.827 seconds (JVM running for 3.23)
2022-01-03 13:06:15.211  INFO 27844 --- [SpringApplicationShutdownHook] j.LocalContainerEntityManagerFactoryBean : Closing JPA EntityManagerFactory for persistence unit 'default'
2022-01-03 13:06:15.215  INFO 27844 --- [SpringApplicationShutdownHook] com.zaxxer.hikari.HikariDataSource       : HikariPool-1 - Shutdown initiated...
2022-01-03 13:06:15.220  INFO 27844 --- [SpringApplicationShutdownHook] com.zaxxer.hikari.HikariDataSource       : HikariPool-1 - Shutdown completed.
